Started at Sun Dec 04 07:26:37 UTC 2022
Processing 1st_job
Offering 1st_job to Project Build Discarder
Processing 2nd_job
Offering 2nd_job to Project Build Discarder
Processing 3rd_job
Offering 3rd_job to Project Build Discarder
Processing automationfile
Offering automationfile to Project Build Discarder
Processing declarative
Offering declarative to Project Build Discarder
Processing My first pipeline
Offering My first pipeline to Project Build Discarder
Processing Mytest_job
Offering Mytest_job to Project Build Discarder
Processing testjenkins_backup
Offering testjenkins_backup to Project Build Discarder
Processing Tomcat installation
Offering Tomcat installation to Project Build Discarder
Processing vinee_test1
Offering vinee_test1 to Project Build Discarder
Finished at Sun Dec 04 07:26:37 UTC 2022. 7ms
Started at Sun Dec 04 08:26:37 UTC 2022
Processing 1st_job
Offering 1st_job to Project Build Discarder
Processing 2nd_job
Offering 2nd_job to Project Build Discarder
Processing 3rd_job
Offering 3rd_job to Project Build Discarder
Processing automationfile
Offering automationfile to Project Build Discarder
Processing declarative
Offering declarative to Project Build Discarder
Processing My first pipeline
Offering My first pipeline to Project Build Discarder
Processing testjenkins_backup
Offering testjenkins_backup to Project Build Discarder
Processing Tomcat installation
Offering Tomcat installation to Project Build Discarder
Processing vinee_test1
Offering vinee_test1 to Project Build Discarder
Finished at Sun Dec 04 08:26:37 UTC 2022. 1ms
Started at Sun Dec 04 09:26:37 UTC 2022
Processing 1st_job
Offering 1st_job to Project Build Discarder
Processing 2nd_job
Offering 2nd_job to Project Build Discarder
Processing 3rd_job
Offering 3rd_job to Project Build Discarder
Processing automationfile
Offering automationfile to Project Build Discarder
Processing declarative
Offering declarative to Project Build Discarder
Processing My first pipeline
Offering My first pipeline to Project Build Discarder
Processing testjenkins_backup
Offering testjenkins_backup to Project Build Discarder
Processing Tomcat installation
Offering Tomcat installation to Project Build Discarder
Processing vinee_test1
Offering vinee_test1 to Project Build Discarder
Finished at Sun Dec 04 09:26:37 UTC 2022. 2ms
Started at Sun Dec 04 10:26:37 UTC 2022
Processing 1st_job
Offering 1st_job to Project Build Discarder
Processing 2nd_job
Offering 2nd_job to Project Build Discarder
Processing 3rd_job
Offering 3rd_job to Project Build Discarder
Processing automationfile
Offering automationfile to Project Build Discarder
Processing declarative
Offering declarative to Project Build Discarder
Processing My first pipeline
Offering My first pipeline to Project Build Discarder
Processing testjenkins_backup
Offering testjenkins_backup to Project Build Discarder
Processing Tomcat installation
Offering Tomcat installation to Project Build Discarder
Processing vinee_test1
Offering vinee_test1 to Project Build Discarder
Finished at Sun Dec 04 10:26:37 UTC 2022. 1ms
Started at Sun Dec 04 11:26:37 UTC 2022
Processing 1st_job
Offering 1st_job to Project Build Discarder
Processing 2nd_job
Offering 2nd_job to Project Build Discarder
Processing 3rd_job
Offering 3rd_job to Project Build Discarder
Processing automationfile
Offering automationfile to Project Build Discarder
Processing declarative
Offering declarative to Project Build Discarder
Processing My first pipeline
Offering My first pipeline to Project Build Discarder
Processing testjenkins_backup
Offering testjenkins_backup to Project Build Discarder
Processing Tomcat installation
Offering Tomcat installation to Project Build Discarder
Processing vinee_test1
Offering vinee_test1 to Project Build Discarder
Finished at Sun Dec 04 11:26:37 UTC 2022. 1ms
Started at Sun Dec 04 12:26:37 UTC 2022
Processing 1st_job
Offering 1st_job to Project Build Discarder
Processing 2nd_job
Offering 2nd_job to Project Build Discarder
Processing 3rd_job
Offering 3rd_job to Project Build Discarder
Processing automationfile
Offering automationfile to Project Build Discarder
Processing declarative
Offering declarative to Project Build Discarder
Processing My first pipeline
Offering My first pipeline to Project Build Discarder
Processing testjenkins_backup
Offering testjenkins_backup to Project Build Discarder
Processing Tomcat installation
Offering Tomcat installation to Project Build Discarder
Processing vinee_test1
Offering vinee_test1 to Project Build Discarder
Finished at Sun Dec 04 12:26:37 UTC 2022. 0ms
